[2022-08-31 09:13:23] ERROR [restartedMain] ContextStartEventHandler.onApplicationEvent(27) | java.lang.NullPointerException: Cannot invoke "javax.sql.DataSource.getConnection()" because "this.dataSource" is null
java.lang.NullPointerException: Cannot invoke "javax.sql.DataSource.getConnection()" because "this.dataSource" is null
	at edu.hanoi.jazz.ContextStartEventHandler.createTable(ContextStartEventHandler.java:34)
	at edu.hanoi.jazz.ContextStartEventHandler.onApplicationEvent(ContextStartEventHandler.java:22)
	at edu.hanoi.Application.main(Application.java:20)
	at java.base/jdk.internal.reflect.NativeMethodAccessorImpl.invoke0(Native Method)
	at java.base/jdk.internal.reflect.NativeMethodAccessorImpl.invoke(NativeMethodAccessorImpl.java:77)
	at java.base/jdk.internal.reflect.DelegatingMethodAccessorImpl.invoke(DelegatingMethodAccessorImpl.java:43)
	at java.base/java.lang.reflect.Method.invoke(Method.java:568)
	at org.springframework.boot.devtools.restart.RestartLauncher.run(RestartLauncher.java:49)
[2022-08-31 09:13:23] INFO [restartedMain] ContextStartEventHandler.onApplicationEvent(30) | -- Context start application null
[2022-08-31 09:18:25] ERROR [restartedMain] ContextStartEventHandler.onApplicationEvent(32) | java.lang.NullPointerException: Cannot invoke "javax.sql.DataSource.getConnection()" because "this.dataSource" is null
java.lang.NullPointerException: Cannot invoke "javax.sql.DataSource.getConnection()" because "this.dataSource" is null
	at edu.hanoi.jazz.ContextStartEventHandler.createTable(ContextStartEventHandler.java:39)
	at edu.hanoi.jazz.ContextStartEventHandler.onApplicationEvent(ContextStartEventHandler.java:27)
	at edu.hanoi.Application.main(Application.java:22)
	at java.base/jdk.internal.reflect.NativeMethodAccessorImpl.invoke0(Native Method)
	at java.base/jdk.internal.reflect.NativeMethodAccessorImpl.invoke(NativeMethodAccessorImpl.java:77)
	at java.base/jdk.internal.reflect.DelegatingMethodAccessorImpl.invoke(DelegatingMethodAccessorImpl.java:43)
	at java.base/java.lang.reflect.Method.invoke(Method.java:568)
	at org.springframework.boot.devtools.restart.RestartLauncher.run(RestartLauncher.java:49)
[2022-08-31 09:18:25] INFO [restartedMain] ContextStartEventHandler.onApplicationEvent(35) | -- Context start application null
[2022-08-31 09:20:27] ERROR [restartedMain] ContextStartEventHandler.onApplicationEvent(32) | java.lang.NullPointerException: Cannot invoke "javax.sql.DataSource.getConnection()" because "this.dataSource" is null
java.lang.NullPointerException: Cannot invoke "javax.sql.DataSource.getConnection()" because "this.dataSource" is null
	at edu.hanoi.jazz.ContextStartEventHandler.createTable(ContextStartEventHandler.java:39)
	at edu.hanoi.jazz.ContextStartEventHandler.onApplicationEvent(ContextStartEventHandler.java:27)
	at edu.hanoi.Application.main(Application.java:22)
	at java.base/jdk.internal.reflect.NativeMethodAccessorImpl.invoke0(Native Method)
	at java.base/jdk.internal.reflect.NativeMethodAccessorImpl.invoke(NativeMethodAccessorImpl.java:77)
	at java.base/jdk.internal.reflect.DelegatingMethodAccessorImpl.invoke(DelegatingMethodAccessorImpl.java:43)
	at java.base/java.lang.reflect.Method.invoke(Method.java:568)
	at org.springframework.boot.devtools.restart.RestartLauncher.run(RestartLauncher.java:49)
[2022-08-31 09:20:27] INFO [restartedMain] ContextStartEventHandler.onApplicationEvent(35) | -- Context start application null
[2022-08-31 09:20:31] ERROR [restartedMain] ContextStartEventHandler.onApplicationEvent(32) | java.lang.NullPointerException: Cannot invoke "javax.sql.DataSource.getConnection()" because "this.dataSource" is null
java.lang.NullPointerException: Cannot invoke "javax.sql.DataSource.getConnection()" because "this.dataSource" is null
	at edu.hanoi.jazz.ContextStartEventHandler.createTable(ContextStartEventHandler.java:39)
	at edu.hanoi.jazz.ContextStartEventHandler.onApplicationEvent(ContextStartEventHandler.java:27)
	at edu.hanoi.Application.main(Application.java:22)
	at java.base/jdk.internal.reflect.NativeMethodAccessorImpl.invoke0(Native Method)
	at java.base/jdk.internal.reflect.NativeMethodAccessorImpl.invoke(NativeMethodAccessorImpl.java:77)
	at java.base/jdk.internal.reflect.DelegatingMethodAccessorImpl.invoke(DelegatingMethodAccessorImpl.java:43)
	at java.base/java.lang.reflect.Method.invoke(Method.java:568)
	at org.springframework.boot.devtools.restart.RestartLauncher.run(RestartLauncher.java:49)
[2022-08-31 09:20:31] INFO [restartedMain] ContextStartEventHandler.onApplicationEvent(35) | -- Context start application null
[2022-08-31 09:26:16] ERROR [restartedMain] ContextStartEventHandler.onApplicationEvent(31) | java.lang.NullPointerException: Cannot invoke "javax.sql.DataSource.getConnection()" because "this.dataSource" is null
java.lang.NullPointerException: Cannot invoke "javax.sql.DataSource.getConnection()" because "this.dataSource" is null
	at edu.hanoi.jazz.ContextStartEventHandler.createTable(ContextStartEventHandler.java:38)
	at edu.hanoi.jazz.ContextStartEventHandler.onApplicationEvent(ContextStartEventHandler.java:26)
	at edu.hanoi.Application.main(Application.java:22)
	at java.base/jdk.internal.reflect.NativeMethodAccessorImpl.invoke0(Native Method)
	at java.base/jdk.internal.reflect.NativeMethodAccessorImpl.invoke(NativeMethodAccessorImpl.java:77)
	at java.base/jdk.internal.reflect.DelegatingMethodAccessorImpl.invoke(DelegatingMethodAccessorImpl.java:43)
	at java.base/java.lang.reflect.Method.invoke(Method.java:568)
	at org.springframework.boot.devtools.restart.RestartLauncher.run(RestartLauncher.java:49)
[2022-08-31 09:26:16] INFO [restartedMain] ContextStartEventHandler.onApplicationEvent(34) | -- Context start application null
[2022-08-31 09:27:13] ERROR [restartedMain] ContextStartEventHandler.onApplicationEvent(31) | java.lang.NullPointerException: Cannot invoke "javax.sql.DataSource.getConnection()" because "this.dataSource" is null
java.lang.NullPointerException: Cannot invoke "javax.sql.DataSource.getConnection()" because "this.dataSource" is null
	at edu.hanoi.jazz.ContextStartEventHandler.createTable(ContextStartEventHandler.java:38)
	at edu.hanoi.jazz.ContextStartEventHandler.onApplicationEvent(ContextStartEventHandler.java:26)
	at edu.hanoi.Application.main(Application.java:22)
	at java.base/jdk.internal.reflect.NativeMethodAccessorImpl.invoke0(Native Method)
	at java.base/jdk.internal.reflect.NativeMethodAccessorImpl.invoke(NativeMethodAccessorImpl.java:77)
	at java.base/jdk.internal.reflect.DelegatingMethodAccessorImpl.invoke(DelegatingMethodAccessorImpl.java:43)
	at java.base/java.lang.reflect.Method.invoke(Method.java:568)
	at org.springframework.boot.devtools.restart.RestartLauncher.run(RestartLauncher.java:49)
[2022-08-31 09:27:13] INFO [restartedMain] ContextStartEventHandler.onApplicationEvent(34) | -- Context start application null
[2022-08-31 09:28:22] ERROR [restartedMain] ContextStartEventHandler.onApplicationEvent(31) | java.lang.NullPointerException: Cannot invoke "javax.sql.DataSource.getConnection()" because "this.dataSource" is null
java.lang.NullPointerException: Cannot invoke "javax.sql.DataSource.getConnection()" because "this.dataSource" is null
	at edu.hanoi.jazz.ContextStartEventHandler.createTable(ContextStartEventHandler.java:38)
	at edu.hanoi.jazz.ContextStartEventHandler.onApplicationEvent(ContextStartEventHandler.java:26)
	at edu.hanoi.Application.main(Application.java:22)
	at java.base/jdk.internal.reflect.NativeMethodAccessorImpl.invoke0(Native Method)
	at java.base/jdk.internal.reflect.NativeMethodAccessorImpl.invoke(NativeMethodAccessorImpl.java:77)
	at java.base/jdk.internal.reflect.DelegatingMethodAccessorImpl.invoke(DelegatingMethodAccessorImpl.java:43)
	at java.base/java.lang.reflect.Method.invoke(Method.java:568)
	at org.springframework.boot.devtools.restart.RestartLauncher.run(RestartLauncher.java:49)
[2022-08-31 09:28:22] INFO [restartedMain] ContextStartEventHandler.onApplicationEvent(34) | -- Context start application null
[2022-08-31 09:29:18] ERROR [restartedMain] ContextStartEventHandler.onApplicationEvent(31) | java.lang.NullPointerException: Cannot invoke "javax.sql.DataSource.getConnection()" because "this.dataSource" is null
java.lang.NullPointerException: Cannot invoke "javax.sql.DataSource.getConnection()" because "this.dataSource" is null
	at edu.hanoi.jazz.ContextStartEventHandler.createTable(ContextStartEventHandler.java:38)
	at edu.hanoi.jazz.ContextStartEventHandler.onApplicationEvent(ContextStartEventHandler.java:26)
	at edu.hanoi.Application.main(Application.java:22)
	at java.base/jdk.internal.reflect.NativeMethodAccessorImpl.invoke0(Native Method)
	at java.base/jdk.internal.reflect.NativeMethodAccessorImpl.invoke(NativeMethodAccessorImpl.java:77)
	at java.base/jdk.internal.reflect.DelegatingMethodAccessorImpl.invoke(DelegatingMethodAccessorImpl.java:43)
	at java.base/java.lang.reflect.Method.invoke(Method.java:568)
	at org.springframework.boot.devtools.restart.RestartLauncher.run(RestartLauncher.java:49)
[2022-08-31 09:29:19] INFO [restartedMain] ContextStartEventHandler.onApplicationEvent(34) | -- Context start application null
[2022-08-31 09:33:03] ERROR [restartedMain] ContextStartEventHandler.onApplicationEvent(31) | java.lang.NullPointerException: Cannot invoke "java.sql.Connection.getMetaData()" because the return value of "javax.sql.DataSource.getConnection()" is null
java.lang.NullPointerException: Cannot invoke "java.sql.Connection.getMetaData()" because the return value of "javax.sql.DataSource.getConnection()" is null
	at edu.hanoi.jazz.ContextStartEventHandler.createTable(ContextStartEventHandler.java:38)
	at edu.hanoi.jazz.ContextStartEventHandler.onApplicationEvent(ContextStartEventHandler.java:26)
	at edu.hanoi.Application.main(Application.java:36)
	at java.base/jdk.internal.reflect.NativeMethodAccessorImpl.invoke0(Native Method)
	at java.base/jdk.internal.reflect.NativeMethodAccessorImpl.invoke(NativeMethodAccessorImpl.java:77)
	at java.base/jdk.internal.reflect.DelegatingMethodAccessorImpl.invoke(DelegatingMethodAccessorImpl.java:43)
	at java.base/java.lang.reflect.Method.invoke(Method.java:568)
	at org.springframework.boot.devtools.restart.RestartLauncher.run(RestartLauncher.java:49)
[2022-08-31 09:33:03] INFO [restartedMain] ContextStartEventHandler.onApplicationEvent(34) | -- Context start application edu.hanoi.Application$1@cd00d7
[2022-08-31 09:36:19] ERROR [restartedMain] ContextStartEventHandler.onApplicationEvent(31) | java.lang.NullPointerException: Cannot invoke "java.sql.Connection.getMetaData()" because the return value of "javax.sql.DataSource.getConnection()" is null
java.lang.NullPointerException: Cannot invoke "java.sql.Connection.getMetaData()" because the return value of "javax.sql.DataSource.getConnection()" is null
	at edu.hanoi.jazz.ContextStartEventHandler.createTable(ContextStartEventHandler.java:38)
	at edu.hanoi.jazz.ContextStartEventHandler.onApplicationEvent(ContextStartEventHandler.java:26)
	at edu.hanoi.Application.main(Application.java:36)
	at java.base/jdk.internal.reflect.NativeMethodAccessorImpl.invoke0(Native Method)
	at java.base/jdk.internal.reflect.NativeMethodAccessorImpl.invoke(NativeMethodAccessorImpl.java:77)
	at java.base/jdk.internal.reflect.DelegatingMethodAccessorImpl.invoke(DelegatingMethodAccessorImpl.java:43)
	at java.base/java.lang.reflect.Method.invoke(Method.java:568)
	at org.springframework.boot.devtools.restart.RestartLauncher.run(RestartLauncher.java:49)
[2022-08-31 09:36:19] INFO [restartedMain] ContextStartEventHandler.onApplicationEvent(34) | -- Context start application edu.hanoi.Application$1@7ae341ac
[2022-08-31 09:51:26] INFO [http-nio-8080-exec-9] HomeController.home(32) | Da truy cap
[2022-08-31 09:51:44] INFO [http-nio-8080-exec-3] GroupController.addGroup(27) | -- Add new group -> edu.hanoi.model.Group@23af2eea
[2022-08-31 09:52:38] INFO [http-nio-8080-exec-6] GroupController.addGroup(27) | -- Add new group -> edu.hanoi.model.Group@45e23eb4
[2022-08-31 09:52:47] INFO [http-nio-8080-exec-9] GroupController.addGroup(27) | -- Add new group -> edu.hanoi.model.Group@6427ae9b
[2022-08-31 09:54:49] INFO [http-nio-8080-exec-4] GroupController.addGroup(27) | -- Add new group -> edu.hanoi.model.Group@38ae2503
[2022-08-31 10:14:39] ERROR [restartedMain] ContextStartEventHandler.onApplicationEvent(31) | java.lang.NullPointerException: Cannot invoke "javax.sql.DataSource.getConnection()" because "this.dataSource" is null
java.lang.NullPointerException: Cannot invoke "javax.sql.DataSource.getConnection()" because "this.dataSource" is null
	at edu.hanoi.jazz.ContextStartEventHandler.createTable(ContextStartEventHandler.java:38)
	at edu.hanoi.jazz.ContextStartEventHandler.onApplicationEvent(ContextStartEventHandler.java:26)
	at edu.hanoi.Application.main(Application.java:22)
	at java.base/jdk.internal.reflect.NativeMethodAccessorImpl.invoke0(Native Method)
	at java.base/jdk.internal.reflect.NativeMethodAccessorImpl.invoke(NativeMethodAccessorImpl.java:77)
	at java.base/jdk.internal.reflect.DelegatingMethodAccessorImpl.invoke(DelegatingMethodAccessorImpl.java:43)
	at java.base/java.lang.reflect.Method.invoke(Method.java:568)
	at org.springframework.boot.devtools.restart.RestartLauncher.run(RestartLauncher.java:49)
[2022-08-31 10:14:39] INFO [restartedMain] ContextStartEventHandler.onApplicationEvent(34) | -- Context start application null
[2022-08-31 10:15:22] ERROR [restartedMain] ContextStartEventHandler.onApplicationEvent(31) | java.lang.NullPointerException: Cannot invoke "javax.sql.DataSource.getConnection()" because "this.dataSource" is null
java.lang.NullPointerException: Cannot invoke "javax.sql.DataSource.getConnection()" because "this.dataSource" is null
	at edu.hanoi.jazz.ContextStartEventHandler.createTable(ContextStartEventHandler.java:38)
	at edu.hanoi.jazz.ContextStartEventHandler.onApplicationEvent(ContextStartEventHandler.java:26)
	at edu.hanoi.Application.main(Application.java:22)
	at java.base/jdk.internal.reflect.NativeMethodAccessorImpl.invoke0(Native Method)
	at java.base/jdk.internal.reflect.NativeMethodAccessorImpl.invoke(NativeMethodAccessorImpl.java:77)
	at java.base/jdk.internal.reflect.DelegatingMethodAccessorImpl.invoke(DelegatingMethodAccessorImpl.java:43)
	at java.base/java.lang.reflect.Method.invoke(Method.java:568)
	at org.springframework.boot.devtools.restart.RestartLauncher.run(RestartLauncher.java:49)
[2022-08-31 10:15:22] INFO [restartedMain] ContextStartEventHandler.onApplicationEvent(34) | -- Context start application null
[2022-08-31 10:16:20] ERROR [restartedMain] ContextStartEventHandler.onApplicationEvent(31) | java.lang.NullPointerException: Cannot invoke "javax.sql.DataSource.getConnection()" because "this.dataSource" is null
java.lang.NullPointerException: Cannot invoke "javax.sql.DataSource.getConnection()" because "this.dataSource" is null
	at edu.hanoi.jazz.ContextStartEventHandler.createTable(ContextStartEventHandler.java:38)
	at edu.hanoi.jazz.ContextStartEventHandler.onApplicationEvent(ContextStartEventHandler.java:26)
	at edu.hanoi.Application.main(Application.java:22)
	at java.base/jdk.internal.reflect.NativeMethodAccessorImpl.invoke0(Native Method)
	at java.base/jdk.internal.reflect.NativeMethodAccessorImpl.invoke(NativeMethodAccessorImpl.java:77)
	at java.base/jdk.internal.reflect.DelegatingMethodAccessorImpl.invoke(DelegatingMethodAccessorImpl.java:43)
	at java.base/java.lang.reflect.Method.invoke(Method.java:568)
	at org.springframework.boot.devtools.restart.RestartLauncher.run(RestartLauncher.java:49)
[2022-08-31 10:16:20] INFO [restartedMain] ContextStartEventHandler.onApplicationEvent(34) | -- Context start application null
[2022-08-31 10:18:50] ERROR [restartedMain] ContextStartEventHandler.onApplicationEvent(31) | java.lang.NullPointerException: Cannot invoke "javax.sql.DataSource.getConnection()" because "this.dataSource" is null
java.lang.NullPointerException: Cannot invoke "javax.sql.DataSource.getConnection()" because "this.dataSource" is null
	at edu.hanoi.jazz.ContextStartEventHandler.createTable(ContextStartEventHandler.java:38)
	at edu.hanoi.jazz.ContextStartEventHandler.onApplicationEvent(ContextStartEventHandler.java:26)
	at edu.hanoi.Application.main(Application.java:22)
	at java.base/jdk.internal.reflect.NativeMethodAccessorImpl.invoke0(Native Method)
	at java.base/jdk.internal.reflect.NativeMethodAccessorImpl.invoke(NativeMethodAccessorImpl.java:77)
	at java.base/jdk.internal.reflect.DelegatingMethodAccessorImpl.invoke(DelegatingMethodAccessorImpl.java:43)
	at java.base/java.lang.reflect.Method.invoke(Method.java:568)
	at org.springframework.boot.devtools.restart.RestartLauncher.run(RestartLauncher.java:49)
[2022-08-31 10:18:50] INFO [restartedMain] ContextStartEventHandler.onApplicationEvent(34) | -- Context start application null
[2022-08-31 10:18:56] ERROR [restartedMain] ContextStartEventHandler.onApplicationEvent(29) | java.lang.NullPointerException: Cannot invoke "javax.sql.DataSource.getConnection()" because "this.dataSource" is null
java.lang.NullPointerException: Cannot invoke "javax.sql.DataSource.getConnection()" because "this.dataSource" is null
	at edu.hanoi.jazz.ContextStartEventHandler.createTable(ContextStartEventHandler.java:36)
	at edu.hanoi.jazz.ContextStartEventHandler.onApplicationEvent(ContextStartEventHandler.java:24)
	at edu.hanoi.Application.main(Application.java:22)
	at java.base/jdk.internal.reflect.NativeMethodAccessorImpl.invoke0(Native Method)
	at java.base/jdk.internal.reflect.NativeMethodAccessorImpl.invoke(NativeMethodAccessorImpl.java:77)
	at java.base/jdk.internal.reflect.DelegatingMethodAccessorImpl.invoke(DelegatingMethodAccessorImpl.java:43)
	at java.base/java.lang.reflect.Method.invoke(Method.java:568)
	at org.springframework.boot.devtools.restart.RestartLauncher.run(RestartLauncher.java:49)
[2022-08-31 10:18:56] INFO [restartedMain] ContextStartEventHandler.onApplicationEvent(32) | -- Context start application null
[2022-08-31 10:22:19] ERROR [restartedMain] ContextStartEventHandler.onApplicationEvent(29) | java.lang.NullPointerException: Cannot invoke "javax.sql.DataSource.getConnection()" because "this.dataSource" is null
java.lang.NullPointerException: Cannot invoke "javax.sql.DataSource.getConnection()" because "this.dataSource" is null
	at edu.hanoi.jazz.ContextStartEventHandler.createTable(ContextStartEventHandler.java:36)
	at edu.hanoi.jazz.ContextStartEventHandler.onApplicationEvent(ContextStartEventHandler.java:24)
	at edu.hanoi.Application.main(Application.java:22)
	at java.base/jdk.internal.reflect.NativeMethodAccessorImpl.invoke0(Native Method)
	at java.base/jdk.internal.reflect.NativeMethodAccessorImpl.invoke(NativeMethodAccessorImpl.java:77)
	at java.base/jdk.internal.reflect.DelegatingMethodAccessorImpl.invoke(DelegatingMethodAccessorImpl.java:43)
	at java.base/java.lang.reflect.Method.invoke(Method.java:568)
	at org.springframework.boot.devtools.restart.RestartLauncher.run(RestartLauncher.java:49)
[2022-08-31 10:22:19] INFO [restartedMain] ContextStartEventHandler.onApplicationEvent(32) | -- Context start application null
[2022-08-31 10:27:18] ERROR [restartedMain] ContextStartEventHandler.onApplicationEvent(29) | java.lang.NullPointerException: Cannot invoke "javax.sql.DataSource.getConnection()" because "this.dataSource" is null
java.lang.NullPointerException: Cannot invoke "javax.sql.DataSource.getConnection()" because "this.dataSource" is null
	at edu.hanoi.jazz.ContextStartEventHandler.createTable(ContextStartEventHandler.java:36)
	at edu.hanoi.jazz.ContextStartEventHandler.onApplicationEvent(ContextStartEventHandler.java:24)
	at edu.hanoi.Application.main(Application.java:22)
	at java.base/jdk.internal.reflect.NativeMethodAccessorImpl.invoke0(Native Method)
	at java.base/jdk.internal.reflect.NativeMethodAccessorImpl.invoke(NativeMethodAccessorImpl.java:77)
	at java.base/jdk.internal.reflect.DelegatingMethodAccessorImpl.invoke(DelegatingMethodAccessorImpl.java:43)
	at java.base/java.lang.reflect.Method.invoke(Method.java:568)
	at org.springframework.boot.devtools.restart.RestartLauncher.run(RestartLauncher.java:49)
[2022-08-31 10:27:18] INFO [restartedMain] ContextStartEventHandler.onApplicationEvent(32) | -- Context start application null
[2022-08-31 10:36:02] ERROR [restartedMain] ContextStartEventHandler.onApplicationEvent(29) | java.lang.NullPointerException: Cannot invoke "javax.sql.DataSource.getConnection()" because "this.dataSource" is null
java.lang.NullPointerException: Cannot invoke "javax.sql.DataSource.getConnection()" because "this.dataSource" is null
	at edu.hanoi.jazz.ContextStartEventHandler.createTable(ContextStartEventHandler.java:36)
	at edu.hanoi.jazz.ContextStartEventHandler.onApplicationEvent(ContextStartEventHandler.java:24)
	at edu.hanoi.Application.main(Application.java:22)
	at java.base/jdk.internal.reflect.NativeMethodAccessorImpl.invoke0(Native Method)
	at java.base/jdk.internal.reflect.NativeMethodAccessorImpl.invoke(NativeMethodAccessorImpl.java:77)
	at java.base/jdk.internal.reflect.DelegatingMethodAccessorImpl.invoke(DelegatingMethodAccessorImpl.java:43)
	at java.base/java.lang.reflect.Method.invoke(Method.java:568)
	at org.springframework.boot.devtools.restart.RestartLauncher.run(RestartLauncher.java:49)
[2022-08-31 10:36:02] INFO [restartedMain] ContextStartEventHandler.onApplicationEvent(32) | -- Context start application null
[2022-08-31 10:39:32] ERROR [restartedMain] ContextStartEventHandler.onApplicationEvent(29) | java.lang.NullPointerException: Cannot invoke "javax.sql.DataSource.getConnection()" because "this.dataSource" is null
java.lang.NullPointerException: Cannot invoke "javax.sql.DataSource.getConnection()" because "this.dataSource" is null
	at edu.hanoi.jazz.ContextStartEventHandler.createTable(ContextStartEventHandler.java:36)
	at edu.hanoi.jazz.ContextStartEventHandler.onApplicationEvent(ContextStartEventHandler.java:24)
	at edu.hanoi.Application.main(Application.java:22)
	at java.base/jdk.internal.reflect.NativeMethodAccessorImpl.invoke0(Native Method)
	at java.base/jdk.internal.reflect.NativeMethodAccessorImpl.invoke(NativeMethodAccessorImpl.java:77)
	at java.base/jdk.internal.reflect.DelegatingMethodAccessorImpl.invoke(DelegatingMethodAccessorImpl.java:43)
	at java.base/java.lang.reflect.Method.invoke(Method.java:568)
	at org.springframework.boot.devtools.restart.RestartLauncher.run(RestartLauncher.java:49)
[2022-08-31 10:39:32] INFO [restartedMain] ContextStartEventHandler.onApplicationEvent(32) | -- Context start application null
[2022-08-31 10:44:28] ERROR [restartedMain] ContextStartEventHandler.onApplicationEvent(29) | java.lang.NullPointerException: Cannot invoke "javax.sql.DataSource.getConnection()" because "this.dataSource" is null
java.lang.NullPointerException: Cannot invoke "javax.sql.DataSource.getConnection()" because "this.dataSource" is null
	at edu.hanoi.jazz.ContextStartEventHandler.createTable(ContextStartEventHandler.java:36)
	at edu.hanoi.jazz.ContextStartEventHandler.onApplicationEvent(ContextStartEventHandler.java:24)
	at edu.hanoi.Application.main(Application.java:22)
	at java.base/jdk.internal.reflect.NativeMethodAccessorImpl.invoke0(Native Method)
	at java.base/jdk.internal.reflect.NativeMethodAccessorImpl.invoke(NativeMethodAccessorImpl.java:77)
	at java.base/jdk.internal.reflect.DelegatingMethodAccessorImpl.invoke(DelegatingMethodAccessorImpl.java:43)
	at java.base/java.lang.reflect.Method.invoke(Method.java:568)
	at org.springframework.boot.devtools.restart.RestartLauncher.run(RestartLauncher.java:49)
[2022-08-31 10:44:28] INFO [restartedMain] ContextStartEventHandler.onApplicationEvent(32) | -- Context start application null
