31-Mar-2022 10:48:52.881 SEVERE [main] org.apache.catalina.startup.Catalina.stopServer Could not contact [localhost:8005] (base port [8005] and offset [0]). Tomcat may not be running.
31-Mar-2022 10:50:01.934 INFO [main] org.apache.catalina.startup.VersionLoggerListener.log Server version name:   Apache Tomcat/9.0.59
31-Mar-2022 10:50:01.937 INFO [main] org.apache.catalina.startup.VersionLoggerListener.log Server built:          Feb 21 2022 21:01:10 UTC
31-Mar-2022 10:50:01.937 INFO [main] org.apache.catalina.startup.VersionLoggerListener.log Server version number: 9.0.59.0
31-Mar-2022 10:50:01.937 INFO [main] org.apache.catalina.startup.VersionLoggerListener.log OS Name:               Windows 8.1
31-Mar-2022 10:50:01.938 INFO [main] org.apache.catalina.startup.VersionLoggerListener.log OS Version:            6.3
31-Mar-2022 10:50:01.938 INFO [main] org.apache.catalina.startup.VersionLoggerListener.log Architecture:          amd64
31-Mar-2022 10:50:01.938 INFO [main] org.apache.catalina.startup.VersionLoggerListener.log Java Home:             C:\Program Files\Java\jdk1.8.0_05\jre
31-Mar-2022 10:50:01.938 INFO [main] org.apache.catalina.startup.VersionLoggerListener.log JVM Version:           1.8.0_05-b13
31-Mar-2022 10:50:01.939 INFO [main] org.apache.catalina.startup.VersionLoggerListener.log JVM Vendor:            Oracle Corporation
31-Mar-2022 10:50:01.939 INFO [main] org.apache.catalina.startup.VersionLoggerListener.log CATALINA_BASE:         D:\AnhHVPH14045\Java4-SOF3011\apache-tomcat-9.0.59
31-Mar-2022 10:50:01.939 INFO [main] org.apache.catalina.startup.VersionLoggerListener.log CATALINA_HOME:         D:\AnhHVPH14045\Java4-SOF3011\apache-tomcat-9.0.59
31-Mar-2022 10:50:01.940 INFO [main] org.apache.catalina.startup.VersionLoggerListener.log Command line argument: -Djava.util.logging.config.file=D:\AnhHVPH14045\Java4-SOF3011\apache-tomcat-9.0.59\conf\logging.properties
31-Mar-2022 10:50:01.941 INFO [main] org.apache.catalina.startup.VersionLoggerListener.log Command line argument: -Djava.util.logging.manager=org.apache.juli.ClassLoaderLogManager
31-Mar-2022 10:50:01.941 INFO [main] org.apache.catalina.startup.VersionLoggerListener.log Command line argument: -Djdk.tls.ephemeralDHKeySize=2048
31-Mar-2022 10:50:01.941 INFO [main] org.apache.catalina.startup.VersionLoggerListener.log Command line argument: -Djava.protocol.handler.pkgs=org.apache.catalina.webresources
31-Mar-2022 10:50:01.942 INFO [main] org.apache.catalina.startup.VersionLoggerListener.log Command line argument: -Dignore.endorsed.dirs=
31-Mar-2022 10:50:01.943 INFO [main] org.apache.catalina.startup.VersionLoggerListener.log Command line argument: -Dcatalina.base=D:\AnhHVPH14045\Java4-SOF3011\apache-tomcat-9.0.59
31-Mar-2022 10:50:01.943 INFO [main] org.apache.catalina.startup.VersionLoggerListener.log Command line argument: -Dcatalina.home=D:\AnhHVPH14045\Java4-SOF3011\apache-tomcat-9.0.59
31-Mar-2022 10:50:01.947 INFO [main] org.apache.catalina.startup.VersionLoggerListener.log Command line argument: -Djava.io.tmpdir=D:\AnhHVPH14045\Java4-SOF3011\apache-tomcat-9.0.59\temp
31-Mar-2022 10:50:01.959 INFO [main] org.apache.catalina.core.AprLifecycleListener.lifecycleEvent The Apache Tomcat Native library which allows using OpenSSL was not found on the java.library.path: [C:\Program Files\Java\jdk1.8.0_05\bin;C:\Windows\Sun\Java\bin;C:\Windows\system32;C:\Windows;C:\Program Files (x86)\Common Files\Oracle\Java\javapath;C:\Windows\system32;C:\Windows;C:\Windows\System32\Wbem;C:\Windows\System32\WindowsPowerShell\v1.0\;C:\Windows\System32\OpenSSH\;C:\Program Files\Microsoft SQL Server\110\Tools\Binn\;C:\Program Files (x86)\Microsoft SQL Server\110\Tools\Binn\;C:\Program Files\Microsoft SQL Server\110\DTS\Binn\;C:\Program Files (x86)\Microsoft SQL Server\110\Tools\Binn\ManagementStudio\;C:\Program Files (x86)\Microsoft Visual Studio 10.0\Common7\IDE\PrivateAssemblies\;C:\Program Files (x86)\Microsoft SQL Server\110\DTS\Binn\;C:\Program Files\Microsoft SQL Server\Client SDK\ODBC\170\Tools\Binn\;C:\Program Files (x86)\Microsoft SQL Server\150\Tools\Binn\;C:\Program Files\Microsoft SQL Server\150\Tools\Binn\;C:\Program Files\Microsoft SQL Server\150\DTS\Binn\;C:\Program Files (x86)\Microsoft SQL Server\150\DTS\Binn\;C:\Program Files\Azure Data Studio\bin;C:\Program Files\Java\jdk1.8.0_05\bin;C:\Program Files\Git\cmd;C:\Program Files\SourceGear\Common\DiffMerge\;C:\Program Files\Spawn\;C:\Users\taola\AppData\Local\Microsoft\WindowsApps;C:\Users\taola\AppData\Local\Programs\Microsoft VS Code\bin;C:\Program Files\Azure Data Studio\bin;C:\Users\taola\AppData\Local\GitHubDesktop\bin;.]
31-Mar-2022 10:50:02.634 INFO [main] org.apache.coyote.AbstractProtocol.init Initializing ProtocolHandler ["http-nio-8080"]
31-Mar-2022 10:50:02.697 INFO [main] org.apache.catalina.startup.Catalina.load Server initialization in [1053] milliseconds
31-Mar-2022 10:50:02.758 INFO [main] org.apache.catalina.core.StandardService.startInternal Starting service [Catalina]
31-Mar-2022 10:50:02.759 INFO [main] org.apache.catalina.core.StandardEngine.startInternal Starting Servlet engine: [Apache Tomcat/9.0.59]
31-Mar-2022 10:50:02.780 INFO [main] org.apache.catalina.startup.HostConfig.deployDirectory Deploying web application directory [D:\AnhHVPH14045\Java4-SOF3011\apache-tomcat-9.0.59\webapps\docs]
31-Mar-2022 10:50:03.459 WARNING [main] org.apache.catalina.util.SessionIdGeneratorBase.createSecureRandom Creation of SecureRandom instance for session ID generation using [SHA1PRNG] took [232] milliseconds.
31-Mar-2022 10:50:03.495 INFO [main] org.apache.catalina.startup.HostConfig.deployDirectory Deployment of web application directory [D:\AnhHVPH14045\Java4-SOF3011\apache-tomcat-9.0.59\webapps\docs] has finished in [714] ms
31-Mar-2022 10:50:03.495 INFO [main] org.apache.catalina.startup.HostConfig.deployDirectory Deploying web application directory [D:\AnhHVPH14045\Java4-SOF3011\apache-tomcat-9.0.59\webapps\examples]
31-Mar-2022 10:50:04.246 INFO [main] org.apache.catalina.startup.HostConfig.deployDirectory Deployment of web application directory [D:\AnhHVPH14045\Java4-SOF3011\apache-tomcat-9.0.59\webapps\examples] has finished in [750] ms
31-Mar-2022 10:50:04.248 INFO [main] org.apache.catalina.startup.HostConfig.deployDirectory Deploying web application directory [D:\AnhHVPH14045\Java4-SOF3011\apache-tomcat-9.0.59\webapps\host-manager]
31-Mar-2022 10:50:04.317 INFO [main] org.apache.catalina.startup.HostConfig.deployDirectory Deployment of web application directory [D:\AnhHVPH14045\Java4-SOF3011\apache-tomcat-9.0.59\webapps\host-manager] has finished in [69] ms
31-Mar-2022 10:50:04.317 INFO [main] org.apache.catalina.startup.HostConfig.deployDirectory Deploying web application directory [D:\AnhHVPH14045\Java4-SOF3011\apache-tomcat-9.0.59\webapps\manager]
31-Mar-2022 10:50:04.383 INFO [main] org.apache.catalina.startup.HostConfig.deployDirectory Deployment of web application directory [D:\AnhHVPH14045\Java4-SOF3011\apache-tomcat-9.0.59\webapps\manager] has finished in [65] ms
31-Mar-2022 10:50:04.383 INFO [main] org.apache.catalina.startup.HostConfig.deployDirectory Deploying web application directory [D:\AnhHVPH14045\Java4-SOF3011\apache-tomcat-9.0.59\webapps\ROOT]
31-Mar-2022 10:50:04.435 INFO [main] org.apache.catalina.startup.HostConfig.deployDirectory Deployment of web application directory [D:\AnhHVPH14045\Java4-SOF3011\apache-tomcat-9.0.59\webapps\ROOT] has finished in [52] ms
31-Mar-2022 10:50:04.444 INFO [main] org.apache.coyote.AbstractProtocol.start Starting ProtocolHandler ["http-nio-8080"]
31-Mar-2022 10:50:04.484 INFO [main] org.apache.catalina.startup.Catalina.start Server startup in [1785] milliseconds
