17-Mar-2022 18:51:43.164 SEVERE [main] org.apache.catalina.startup.Catalina.stopServer Could not contact [localhost:8005] (base port [8005] and offset [0]). Tomcat may not be running.
17-Mar-2022 18:52:07.617 INFO [main] org.apache.catalina.startup.VersionLoggerListener.log Server version name:   Apache Tomcat/9.0.59
17-Mar-2022 18:52:07.619 INFO [main] org.apache.catalina.startup.VersionLoggerListener.log Server built:          Feb 21 2022 21:01:10 UTC
17-Mar-2022 18:52:07.619 INFO [main] org.apache.catalina.startup.VersionLoggerListener.log Server version number: 9.0.59.0
17-Mar-2022 18:52:07.620 INFO [main] org.apache.catalina.startup.VersionLoggerListener.log OS Name:               Windows 8.1
17-Mar-2022 18:52:07.620 INFO [main] org.apache.catalina.startup.VersionLoggerListener.log OS Version:            6.3
17-Mar-2022 18:52:07.620 INFO [main] org.apache.catalina.startup.VersionLoggerListener.log Architecture:          amd64
17-Mar-2022 18:52:07.620 INFO [main] org.apache.catalina.startup.VersionLoggerListener.log Java Home:             C:\Program Files\Java\jdk1.8.0_05\jre
17-Mar-2022 18:52:07.620 INFO [main] org.apache.catalina.startup.VersionLoggerListener.log JVM Version:           1.8.0_05-b13
17-Mar-2022 18:52:07.621 INFO [main] org.apache.catalina.startup.VersionLoggerListener.log JVM Vendor:            Oracle Corporation
17-Mar-2022 18:52:07.621 INFO [main] org.apache.catalina.startup.VersionLoggerListener.log CATALINA_BASE:         D:\AnhHVPH14045\Java4-SOF3011\apache-tomcat-9.0.59
17-Mar-2022 18:52:07.621 INFO [main] org.apache.catalina.startup.VersionLoggerListener.log CATALINA_HOME:         D:\AnhHVPH14045\Java4-SOF3011\apache-tomcat-9.0.59
17-Mar-2022 18:52:07.623 INFO [main] org.apache.catalina.startup.VersionLoggerListener.log Command line argument: -Djava.util.logging.config.file=D:\AnhHVPH14045\Java4-SOF3011\apache-tomcat-9.0.59\conf\logging.properties
17-Mar-2022 18:52:07.624 INFO [main] org.apache.catalina.startup.VersionLoggerListener.log Command line argument: -Djava.util.logging.manager=org.apache.juli.ClassLoaderLogManager
17-Mar-2022 18:52:07.624 INFO [main] org.apache.catalina.startup.VersionLoggerListener.log Command line argument: -Djdk.tls.ephemeralDHKeySize=2048
17-Mar-2022 18:52:07.624 INFO [main] org.apache.catalina.startup.VersionLoggerListener.log Command line argument: -Djava.protocol.handler.pkgs=org.apache.catalina.webresources
17-Mar-2022 18:52:07.624 INFO [main] org.apache.catalina.startup.VersionLoggerListener.log Command line argument: -Dignore.endorsed.dirs=
17-Mar-2022 18:52:07.625 INFO [main] org.apache.catalina.startup.VersionLoggerListener.log Command line argument: -Dcatalina.base=D:\AnhHVPH14045\Java4-SOF3011\apache-tomcat-9.0.59
17-Mar-2022 18:52:07.626 INFO [main] org.apache.catalina.startup.VersionLoggerListener.log Command line argument: -Dcatalina.home=D:\AnhHVPH14045\Java4-SOF3011\apache-tomcat-9.0.59
17-Mar-2022 18:52:07.630 INFO [main] org.apache.catalina.startup.VersionLoggerListener.log Command line argument: -Djava.io.tmpdir=D:\AnhHVPH14045\Java4-SOF3011\apache-tomcat-9.0.59\temp
17-Mar-2022 18:52:07.642 INFO [main] org.apache.catalina.core.AprLifecycleListener.lifecycleEvent The Apache Tomcat Native library which allows using OpenSSL was not found on the java.library.path: [C:\Program Files\Java\jdk1.8.0_05\bin;C:\Windows\Sun\Java\bin;C:\Windows\system32;C:\Windows;C:\Program Files (x86)\Common Files\Oracle\Java\javapath;C:\Windows\system32;C:\Windows;C:\Windows\System32\Wbem;C:\Windows\System32\WindowsPowerShell\v1.0\;C:\Windows\System32\OpenSSH\;C:\Program Files\Microsoft SQL Server\110\Tools\Binn\;C:\Program Files (x86)\Microsoft SQL Server\110\Tools\Binn\;C:\Program Files\Microsoft SQL Server\110\DTS\Binn\;C:\Program Files (x86)\Microsoft SQL Server\110\Tools\Binn\ManagementStudio\;C:\Program Files (x86)\Microsoft Visual Studio 10.0\Common7\IDE\PrivateAssemblies\;C:\Program Files (x86)\Microsoft SQL Server\110\DTS\Binn\;C:\Program Files\Microsoft SQL Server\Client SDK\ODBC\170\Tools\Binn\;C:\Program Files (x86)\Microsoft SQL Server\150\Tools\Binn\;C:\Program Files\Microsoft SQL Server\150\Tools\Binn\;C:\Program Files\Microsoft SQL Server\150\DTS\Binn\;C:\Program Files (x86)\Microsoft SQL Server\150\DTS\Binn\;C:\Program Files\Azure Data Studio\bin;C:\Program Files\Java\jdk1.8.0_05\bin;C:\Program Files\Git\cmd;C:\Program Files\SourceGear\Common\DiffMerge\;C:\Program Files\Spawn\;C:\Users\taola\AppData\Local\Microsoft\WindowsApps;C:\Users\taola\AppData\Local\Programs\Microsoft VS Code\bin;C:\Program Files\Azure Data Studio\bin;C:\Users\taola\AppData\Local\GitHubDesktop\bin;.]
17-Mar-2022 18:52:08.352 INFO [main] org.apache.coyote.AbstractProtocol.init Initializing ProtocolHandler ["http-nio-8080"]
17-Mar-2022 18:52:08.418 INFO [main] org.apache.catalina.startup.Catalina.load Server initialization in [1090] milliseconds
17-Mar-2022 18:52:08.495 INFO [main] org.apache.catalina.core.StandardService.startInternal Starting service [Catalina]
17-Mar-2022 18:52:08.497 INFO [main] org.apache.catalina.core.StandardEngine.startInternal Starting Servlet engine: [Apache Tomcat/9.0.59]
17-Mar-2022 18:52:08.525 INFO [main] org.apache.catalina.startup.HostConfig.deployDirectory Deploying web application directory [D:\AnhHVPH14045\Java4-SOF3011\apache-tomcat-9.0.59\webapps\docs]
17-Mar-2022 18:52:09.314 WARNING [main] org.apache.catalina.util.SessionIdGeneratorBase.createSecureRandom Creation of SecureRandom instance for session ID generation using [SHA1PRNG] took [203] milliseconds.
17-Mar-2022 18:52:09.347 INFO [main] org.apache.catalina.startup.HostConfig.deployDirectory Deployment of web application directory [D:\AnhHVPH14045\Java4-SOF3011\apache-tomcat-9.0.59\webapps\docs] has finished in [823] ms
17-Mar-2022 18:52:09.349 INFO [main] org.apache.catalina.startup.HostConfig.deployDirectory Deploying web application directory [D:\AnhHVPH14045\Java4-SOF3011\apache-tomcat-9.0.59\webapps\examples]
17-Mar-2022 18:52:10.235 INFO [main] org.apache.catalina.startup.HostConfig.deployDirectory Deployment of web application directory [D:\AnhHVPH14045\Java4-SOF3011\apache-tomcat-9.0.59\webapps\examples] has finished in [887] ms
17-Mar-2022 18:52:10.239 INFO [main] org.apache.catalina.startup.HostConfig.deployDirectory Deploying web application directory [D:\AnhHVPH14045\Java4-SOF3011\apache-tomcat-9.0.59\webapps\host-manager]
17-Mar-2022 18:52:10.321 INFO [main] org.apache.catalina.startup.HostConfig.deployDirectory Deployment of web application directory [D:\AnhHVPH14045\Java4-SOF3011\apache-tomcat-9.0.59\webapps\host-manager] has finished in [82] ms
17-Mar-2022 18:52:10.323 INFO [main] org.apache.catalina.startup.HostConfig.deployDirectory Deploying web application directory [D:\AnhHVPH14045\Java4-SOF3011\apache-tomcat-9.0.59\webapps\manager]
17-Mar-2022 18:52:10.394 INFO [main] org.apache.catalina.startup.HostConfig.deployDirectory Deployment of web application directory [D:\AnhHVPH14045\Java4-SOF3011\apache-tomcat-9.0.59\webapps\manager] has finished in [71] ms
17-Mar-2022 18:52:10.394 INFO [main] org.apache.catalina.startup.HostConfig.deployDirectory Deploying web application directory [D:\AnhHVPH14045\Java4-SOF3011\apache-tomcat-9.0.59\webapps\ROOT]
17-Mar-2022 18:52:10.450 INFO [main] org.apache.catalina.startup.HostConfig.deployDirectory Deployment of web application directory [D:\AnhHVPH14045\Java4-SOF3011\apache-tomcat-9.0.59\webapps\ROOT] has finished in [55] ms
17-Mar-2022 18:52:10.459 INFO [main] org.apache.coyote.AbstractProtocol.start Starting ProtocolHandler ["http-nio-8080"]
17-Mar-2022 18:52:10.501 INFO [main] org.apache.catalina.startup.Catalina.start Server startup in [2077] milliseconds
17-Mar-2022 18:52:22.371 INFO [main] org.apache.catalina.startup.VersionLoggerListener.log Server version name:   Apache Tomcat/9.0.59
17-Mar-2022 18:52:22.374 INFO [main] org.apache.catalina.startup.VersionLoggerListener.log Server built:          Feb 21 2022 21:01:10 UTC
17-Mar-2022 18:52:22.374 INFO [main] org.apache.catalina.startup.VersionLoggerListener.log Server version number: 9.0.59.0
17-Mar-2022 18:52:22.374 INFO [main] org.apache.catalina.startup.VersionLoggerListener.log OS Name:               Windows 8.1
17-Mar-2022 18:52:22.375 INFO [main] org.apache.catalina.startup.VersionLoggerListener.log OS Version:            6.3
17-Mar-2022 18:52:22.375 INFO [main] org.apache.catalina.startup.VersionLoggerListener.log Architecture:          amd64
17-Mar-2022 18:52:22.375 INFO [main] org.apache.catalina.startup.VersionLoggerListener.log Java Home:             C:\Program Files\Java\jdk1.8.0_05\jre
17-Mar-2022 18:52:22.375 INFO [main] org.apache.catalina.startup.VersionLoggerListener.log JVM Version:           1.8.0_05-b13
17-Mar-2022 18:52:22.375 INFO [main] org.apache.catalina.startup.VersionLoggerListener.log JVM Vendor:            Oracle Corporation
17-Mar-2022 18:52:22.376 INFO [main] org.apache.catalina.startup.VersionLoggerListener.log CATALINA_BASE:         D:\AnhHVPH14045\Java4-SOF3011\apache-tomcat-9.0.59
17-Mar-2022 18:52:22.376 INFO [main] org.apache.catalina.startup.VersionLoggerListener.log CATALINA_HOME:         D:\AnhHVPH14045\Java4-SOF3011\apache-tomcat-9.0.59
17-Mar-2022 18:52:22.377 INFO [main] org.apache.catalina.startup.VersionLoggerListener.log Command line argument: -Djava.util.logging.config.file=D:\AnhHVPH14045\Java4-SOF3011\apache-tomcat-9.0.59\conf\logging.properties
17-Mar-2022 18:52:22.377 INFO [main] org.apache.catalina.startup.VersionLoggerListener.log Command line argument: -Djava.util.logging.manager=org.apache.juli.ClassLoaderLogManager
17-Mar-2022 18:52:22.378 INFO [main] org.apache.catalina.startup.VersionLoggerListener.log Command line argument: -Djdk.tls.ephemeralDHKeySize=2048
17-Mar-2022 18:52:22.378 INFO [main] org.apache.catalina.startup.VersionLoggerListener.log Command line argument: -Djava.protocol.handler.pkgs=org.apache.catalina.webresources
17-Mar-2022 18:52:22.378 INFO [main] org.apache.catalina.startup.VersionLoggerListener.log Command line argument: -Dignore.endorsed.dirs=
17-Mar-2022 18:52:22.378 INFO [main] org.apache.catalina.startup.VersionLoggerListener.log Command line argument: -Dcatalina.base=D:\AnhHVPH14045\Java4-SOF3011\apache-tomcat-9.0.59
17-Mar-2022 18:52:22.379 INFO [main] org.apache.catalina.startup.VersionLoggerListener.log Command line argument: -Dcatalina.home=D:\AnhHVPH14045\Java4-SOF3011\apache-tomcat-9.0.59
17-Mar-2022 18:52:22.382 INFO [main] org.apache.catalina.startup.VersionLoggerListener.log Command line argument: -Djava.io.tmpdir=D:\AnhHVPH14045\Java4-SOF3011\apache-tomcat-9.0.59\temp
17-Mar-2022 18:52:22.396 INFO [main] org.apache.catalina.core.AprLifecycleListener.lifecycleEvent The Apache Tomcat Native library which allows using OpenSSL was not found on the java.library.path: [C:\Program Files\Java\jdk1.8.0_05\bin;C:\Windows\Sun\Java\bin;C:\Windows\system32;C:\Windows;C:\Program Files (x86)\Common Files\Oracle\Java\javapath;C:\Windows\system32;C:\Windows;C:\Windows\System32\Wbem;C:\Windows\System32\WindowsPowerShell\v1.0\;C:\Windows\System32\OpenSSH\;C:\Program Files\Microsoft SQL Server\110\Tools\Binn\;C:\Program Files (x86)\Microsoft SQL Server\110\Tools\Binn\;C:\Program Files\Microsoft SQL Server\110\DTS\Binn\;C:\Program Files (x86)\Microsoft SQL Server\110\Tools\Binn\ManagementStudio\;C:\Program Files (x86)\Microsoft Visual Studio 10.0\Common7\IDE\PrivateAssemblies\;C:\Program Files (x86)\Microsoft SQL Server\110\DTS\Binn\;C:\Program Files\Microsoft SQL Server\Client SDK\ODBC\170\Tools\Binn\;C:\Program Files (x86)\Microsoft SQL Server\150\Tools\Binn\;C:\Program Files\Microsoft SQL Server\150\Tools\Binn\;C:\Program Files\Microsoft SQL Server\150\DTS\Binn\;C:\Program Files (x86)\Microsoft SQL Server\150\DTS\Binn\;C:\Program Files\Azure Data Studio\bin;C:\Program Files\Java\jdk1.8.0_05\bin;C:\Program Files\Git\cmd;C:\Program Files\SourceGear\Common\DiffMerge\;C:\Program Files\Spawn\;C:\Users\taola\AppData\Local\Microsoft\WindowsApps;C:\Users\taola\AppData\Local\Programs\Microsoft VS Code\bin;C:\Program Files\Azure Data Studio\bin;C:\Users\taola\AppData\Local\GitHubDesktop\bin;.]
17-Mar-2022 18:52:23.205 INFO [main] org.apache.coyote.AbstractProtocol.init Initializing ProtocolHandler ["http-nio-8080"]
17-Mar-2022 18:52:23.256 INFO [main] org.apache.catalina.startup.Catalina.load Server initialization in [1165] milliseconds
17-Mar-2022 18:52:23.307 INFO [main] org.apache.catalina.core.StandardService.startInternal Starting service [Catalina]
17-Mar-2022 18:52:23.308 INFO [main] org.apache.catalina.core.StandardEngine.startInternal Starting Servlet engine: [Apache Tomcat/9.0.59]
17-Mar-2022 18:52:23.328 INFO [main] org.apache.catalina.startup.HostConfig.deployDirectory Deploying web application directory [D:\AnhHVPH14045\Java4-SOF3011\apache-tomcat-9.0.59\webapps\docs]
17-Mar-2022 18:52:23.902 WARNING [main] org.apache.catalina.util.SessionIdGeneratorBase.createSecureRandom Creation of SecureRandom instance for session ID generation using [SHA1PRNG] took [200] milliseconds.
17-Mar-2022 18:52:23.932 INFO [main] org.apache.catalina.startup.HostConfig.deployDirectory Deployment of web application directory [D:\AnhHVPH14045\Java4-SOF3011\apache-tomcat-9.0.59\webapps\docs] has finished in [605] ms
17-Mar-2022 18:52:23.932 INFO [main] org.apache.catalina.startup.HostConfig.deployDirectory Deploying web application directory [D:\AnhHVPH14045\Java4-SOF3011\apache-tomcat-9.0.59\webapps\examples]
